12:29:55 **** Incremental Build of configuration Debug for project template_discovery_slave ****
make -j8 all 
arm-none-eabi-gcc -o "template_discovery_slave.elf" @"objects.list"   -mcpu=cortex-m4 -T"C:\Users\Utente\STM32CubeIDE\workspace_1.6.1\template_discovery_slave\STM32F407VGTX_FLASH.ld" --specs=nosys.specs -Wl,-Map="template_discovery_slave.map" -Wl,--gc-sections -static --specs=nano.specs -mfpu=fpv4-sp-d16 -mfloat-abi=hard -mthumb -Wl,--start-group -lc -lm -Wl,--end-group
c:\st\stm32cubeide_1.6.1\stm32cubeide\plugins\com.st.stm32cube.ide.mcu.externaltools.gnu-tools-for-stm32.9-2020-q2-update.win32_1.5.0.202011040924\tools\arm-none-eabi\bin\ld.exe: Core/Startup/startup_stm32f407vgtx.o: in function `LoopFillZerobss':
C:/Users/Utente/STM32CubeIDE/workspace_1.6.1/template_discovery_slave/Debug/../Core/Startup/startup_stm32f407vgtx.s:93: undefined reference to `SystemInit'
c:\st\stm32cubeide_1.6.1\stm32cubeide\plugins\com.st.stm32cube.ide.mcu.externaltools.gnu-tools-for-stm32.9-2020-q2-update.win32_1.5.0.202011040924\tools\arm-none-eabi\bin\ld.exe: C:/Users/Utente/STM32CubeIDE/workspace_1.6.1/template_discovery_slave/Debug/../Core/Startup/startup_stm32f407vgtx.s:97: undefined reference to `main'
collect2.exe: error: ld returned 1 exit status
make: *** [makefile:64: template_discovery_slave.elf] Error 1
"make -j8 all" terminated with exit code 2. Build might be incomplete.

12:29:55 Build Failed. 4 errors, 0 warnings. (took 628ms)

